<?xml version="1.0" encoding="UTF-8"?>
<!-- Generated by org.testng.reporters.JUnitReportReporter -->
<testsuite hostname="pc" failures="0" tests="1" name="com.whitecircle.JenkinsDemo.VerifyTitle" time="0.007" errors="0" timestamp="29 Nov 2018 03:12:03 GMT" skipped="0">
  <testcase classname="com.whitecircle.JenkinsDemo.VerifyTitle" name="titleVerification" time="0.007"/>
</testsuite> <!-- com.whitecircle.JenkinsDemo.VerifyTitle -->
